<?xml version='1.0' encoding='UTF-8'?>
<testsuite hostname="DESKTOP-ET9UJPD" name="example.ListsSuite" tests="9" errors="0" failures="0" skipped="0" time="0.325" timestamp="2020-03-23T19:46:40">
                     <properties>
[...]
</properties>
                     <testcase classname="example.ListsSuite" name="max of negs" time="0.309">
                                                 
                                               </testcase><testcase classname="example.ListsSuite" name="one plus one is three (0pts)?" time="0.008">
                                                 
                                               </testcase><testcase classname="example.ListsSuite" name="max of empty list" time="0.002">
                                                 
                                               </testcase><testcase classname="example.ListsSuite" name="max of a few numbers (10pts)" time="0.001">
                                                 
                                               </testcase><testcase classname="example.ListsSuite" name="intNotZero throws an exception if its argument is 0" time="0.001">
                                                 
                                               </testcase><testcase classname="example.ListsSuite" name="details why one plus one is not three (0pts)" time="0.001">
                                                 
                                               </testcase><testcase classname="example.ListsSuite" name="sum of a few numbers (10pts)" time="0.001">
                                                 
                                               </testcase><testcase classname="example.ListsSuite" name="sum with neg" time="0.001">
                                                 
                                               </testcase><testcase classname="example.ListsSuite" name="one plus one is two (0pts)" time="0.001">
                                                 
                                               </testcase>
                     <system-out><![CDATA[]]></system-out>
                     <system-err><![CDATA[]]></system-err>
                   </testsuite>